<?xml version="1.0" encoding="UTF-8"?>
<!-- Generated by org.testng.reporters.JUnitReportReporter -->
<testsuite skipped="0" hostname="LAPTOP-PPS" name="Launch" tests="1" failures="0" timestamp="2021-10-10T11:03:51 IST" time="27.675" errors="0">
  <testcase name="launch" time="27.675" classname="Launch"/>
  <system-out/>
</testsuite> <!-- Launch -->
