<?xml version="1.0" encoding="UTF-8"?>
<!-- Generated by org.testng.reporters.JUnitReportReporter -->
<testsuite skipped="0" hostname="LAPTOP-PPS" name="Launch" tests="1" failures="0" timestamp="2021-09-04T16:36:31 IST" time="26.049" errors="0">
  <testcase name="launch" time="26.049" classname="Launch"/>
  <system-out/>
</testsuite> <!-- Launch -->
